app/build/outputs/logs/manifest-merger-debug-report.txt
-- Merging decision tree log ---
manifest
ADDED from src\main\AndroidManifest.xml:2:1-52:12
	xmlns:android
		ADDED from src\main\AndroidManifest.xml:2:11-69
	package
		ADDED from src\main\AndroidManifest.xml:3:5-33
		INJECTED from src\main\AndroidManifest.xml
		INJECTED from src\main\AndroidManifest.xml
	android:versionName
		ADDED from src\main\AndroidManifest.xml:5:5-30
	android:versionCode
		ADDED from src\main\AndroidManifest.xml:4:5-28
		INJECTED from src\main\AndroidManifest.xml
		INJECTED from src\main\AndroidManifest.xml
uses-sdk
ADDED from src\main\AndroidManifest.xml:7:5-9:41
MERGED from [com.android.support:appcompat-v7:23.1.1] AndroidManifest.xml:20:5-43
MERGED from [com.android.support:support-v4:23.4.0] AndroidManifest.xml:20:5-43
MERGED from [com.android.support:design:23.1.1] AndroidManifest.xml:20:5-43
MERGED from [com.android.support:appcompat-v7:23.1.1] AndroidManifest.xml:20:5-43
MERGED from [com.android.support:support-v4:23.4.0] AndroidManifest.xml:20:5-43
MERGED from [com.android.support:recyclerview-v7:23.1.1] AndroidManifest.xml:20:5-43
MERGED from [com.android.support:support-v4:23.4.0] AndroidManifest.xml:20:5-43
MERGED from [com.android.support:support-v4:23.4.0] AndroidManifest.xml:20:5-43
MERGED from [com.mcxiaoke.volley:library-aar:1.0.0] AndroidManifest.xml:3:5-72
MERGED from [com.facebook.android:facebook-android-sdk:4.14.0] AndroidManifest.xml:24:5-26:41
MERGED from [com.android.support:cardview-v7:23.4.0] AndroidManifest.xml:20:5-43
MERGED from [com.android.support:support-v4:23.4.0] AndroidManifest.xml:20:5-43
MERGED from [com.android.support:customtabs:23.4.0] AndroidManifest.xml:20:5-44
MERGED from [com.android.support:support-v4:23.4.0] AndroidManifest.xml:20:5-43
	android:targetSdkVersion
		ADDED from src\main\AndroidManifest.xml:9:9-38
		INJECTED from src\main\AndroidManifest.xml
		INJECTED from src\main\AndroidManifest.xml
	android:minSdkVersion
		ADDED from src\main\AndroidManifest.xml:8:9-34
		INJECTED from src\main\AndroidManifest.xml
		INJECTED from src\main\AndroidManifest.xml
uses-permission#android.permission.INTERNET
ADDED from src\main\AndroidManifest.xml:11:5-67
	android:name
		ADDED from src\main\AndroidManifest.xml:11:22-64
application
ADDED from src\main\AndroidManifest.xml:13:5-50:19
MERGED from [com.android.support:appcompat-v7:23.1.1] AndroidManifest.xml:22:5-20
MERGED from [com.android.support:support-v4:23.4.0] AndroidManifest.xml:22:5-20
MERGED from [com.android.support:design:23.1.1] AndroidManifest.xml:22:5-20
MERGED from [com.android.support:appcompat-v7:23.1.1] AndroidManifest.xml:22:5-20
MERGED from [com.android.support:support-v4:23.4.0] AndroidManifest.xml:22:5-20
MERGED from [com.android.support:support-v4:23.4.0] AndroidManifest.xml:22:5-20
MERGED from [com.android.support:support-v4:23.4.0] AndroidManifest.xml:22:5-20
MERGED from [com.mcxiaoke.volley:library-aar:1.0.0] AndroidManifest.xml:5:5-19
MERGED from [com.facebook.android:facebook-android-sdk:4.14.0] AndroidManifest.xml:28:5-37:19
MERGED from [com.android.support:cardview-v7:23.4.0] AndroidManifest.xml:22:5-20
MERGED from [com.android.support:support-v4:23.4.0] AndroidManifest.xml:22:5-20
MERGED from [com.android.support:customtabs:23.4.0] AndroidManifest.xml:22:5-20
MERGED from [com.android.support:support-v4:23.4.0] AndroidManifest.xml:22:5-20
	android:label
		ADDED from src\main\AndroidManifest.xml:17:9-41
	android:allowBackup
		ADDED from src\main\AndroidManifest.xml:15:9-35
	android:icon
		ADDED from src\main\AndroidManifest.xml:16:9-45
	android:theme
		ADDED from src\main\AndroidManifest.xml:18:9-40
	android:name
		ADDED from src\main\AndroidManifest.xml:14:9-60
meta-data#com.facebook.sdk.ApplicationId
ADDED from src\main\AndroidManifest.xml:20:9-107
	android:name
		ADDED from src\main\AndroidManifest.xml:20:20-65
	android:value
		ADDED from src\main\AndroidManifest.xml:20:66-105
activity#com.facebook.FacebookActivity
ADDED from src\main\AndroidManifest.xml:21:9-25:48
MERGED from [com.facebook.android:facebook-android-sdk:4.14.0] AndroidManifest.xml:29:9-32:75
	android:label
		ADDED from src\main\AndroidManifest.xml:25:13-45
	android:configChanges
		ADDED from src\main\AndroidManifest.xml:22:13-113
	android:theme
		ADDED from src\main\AndroidManifest.xml:24:13-72
	android:name
		ADDED from src\main\AndroidManifest.xml:21:19-63
provider#com.facebook.FacebookContentProvider
ADDED from src\main\AndroidManifest.xml:26:9-28:39
	android:exported
		ADDED from src\main\AndroidManifest.xml:28:13-36
	android:authorities
		ADDED from src\main\AndroidManifest.xml:26:19-96
	android:name
		ADDED from src\main\AndroidManifest.xml:27:13-64
activity#net.hoon.hookyouup.activity.LoginActivity
ADDED from src\main\AndroidManifest.xml:30:9-40:20
	android:windowSoftInputMode
		ADDED from src\main\AndroidManifest.xml:34:13-52
	android:label
		ADDED from src\main\AndroidManifest.xml:32:13-45
	android:name
		ADDED from src\main\AndroidManifest.xml:31:13-69
	android:launchMode
		ADDED from src\main\AndroidManifest.xml:33:13-43
intent-filter#android.intent.action.MAIN+android.intent.category.LAUNCHER
ADDED from src\main\AndroidManifest.xml:35:13-39:29
action#android.intent.action.MAIN
ADDED from src\main\AndroidManifest.xml:36:17-69
	android:name
		ADDED from src\main\AndroidManifest.xml:36:25-66
category#android.intent.category.LAUNCHER
ADDED from src\main\AndroidManifest.xml:38:17-77
	android:name
		ADDED from src\main\AndroidManifest.xml:38:27-74
activity#net.hoon.hookyouup.activity.RegisterActivity
ADDED from src\main\AndroidManifest.xml:41:9-45:55
	android:windowSoftInputMode
		ADDED from src\main\AndroidManifest.xml:45:13-52
	android:label
		ADDED from src\main\AndroidManifest.xml:43:13-45
	android:name
		ADDED from src\main\AndroidManifest.xml:42:13-72
	android:launchMode
		ADDED from src\main\AndroidManifest.xml:44:13-43
activity#net.hoon.hookyouup.activity.MainActivity
ADDED from src\main\AndroidManifest.xml:46:9-49:46
	android:label
		ADDED from src\main\AndroidManifest.xml:48:13-45
	android:name
		ADDED from src\main\AndroidManifest.xml:47:13-68
	android:launchMode
		ADDED from src\main\AndroidManifest.xml:49:13-43
activity#com.facebook.CustomTabActivity
ADDED from [com.facebook.android:facebook-android-sdk:4.14.0] AndroidManifest.xml:33:9-36:20
	android:exported
		ADDED from [com.facebook.android:facebook-android-sdk:4.14.0] AndroidManifest.xml:35:13-36
	android:name
		ADDED from [com.facebook.android:facebook-android-sdk:4.14.0] AndroidManifest.xml:34:13-58